<?xml version='1.0' encoding='UTF-8' ?>
<testsuite name="com.dracul.baselineprofile.BaselineProfileGenerator" tests="3" failures="0" errors="0" skipped="2" time="54.505" timestamp="2024-05-29T22:43:42" hostname="localhost">
  <properties>
    <property name="device" value="A063 - 14" />
    <property name="flavor" value="" />
    <property name="project" value=":baselineprofile" />
  </properties>
  <testcase name="generate" classname="com.dracul.baselineprofile.BaselineProfileGenerator" time="53.411" />
  <testcase name="startupCompilationBaselineProfiles" classname="com.dracul.baselineprofile.StartupBenchmarks" time="0.001">
    <skipped />
  </testcase>
  <testcase name="startupCompilationNone" classname="com.dracul.baselineprofile.StartupBenchmarks" time="0.0">
    <skipped />
  </testcase>
</testsuite>